<?xml version="1.0" encoding="UTF-8" ?>
<testsuite tests="4" failures="0" name="com.bl.classroster.dao.ClassRosterDaoTest" time="0.002" errors="0" skipped="0">
  <properties>
[...]
</properties>
  <testcase classname="com.bl.classroster.dao.ClassRosterDaoTest" name="com.bl.classroster.dao.ClassRosterDaoTest.testAddGetStudent" time="0.002"/>
  <testcase classname="com.bl.classroster.dao.ClassRosterDaoTest" name="com.bl.classroster.dao.ClassRosterDaoTest.testRemoveStudent" time="0"/>
  <testcase classname="com.bl.classroster.dao.ClassRosterDaoTest" name="com.bl.classroster.dao.ClassRosterDaoTest.testGetAllStudents" time="0"/>
  <testcase classname="com.bl.classroster.dao.ClassRosterDaoTest" name="com.bl.classroster.dao.ClassRosterDaoTest.testGetStudent" time="0"/>
</testsuite>